2022-04-01 00:14:53,589 INFO autoreload Watching for file changes with StatReloader
2022-04-01 00:14:58,167 INFO basehttp "GET / HTTP/1.1" 200 1445
2022-04-01 00:14:59,600 INFO basehttp "GET /news/ HTTP/1.1" 200 18147
2022-04-01 00:15:01,015 INFO basehttp "GET /news/ HTTP/1.1" 200 18147
2022-04-01 00:15:02,815 INFO basehttp "GET /category/ HTTP/1.1" 200 8447
2022-04-01 00:15:04,143 INFO basehttp "GET /authors/ HTTP/1.1" 200 7966
2022-04-01 00:15:05,950 INFO basehttp "GET /news/ HTTP/1.1" 200 18147
2022-04-01 00:15:08,171 INFO basehttp "GET /create/ HTTP/1.1" 200 5525
2022-04-01 00:15:16,353 INFO basehttp "GET /news/ HTTP/1.1" 200 18147
2022-04-01 00:15:50,494 INFO basehttp "GET /authors/ HTTP/1.1" 200 7966
2022-04-01 00:15:58,806 INFO basehttp "GET / HTTP/1.1" 200 1445
2022-04-01 00:15:58,934 INFO basehttp "GET / HTTP/1.1" 200 1445
2022-04-01 00:16:00,615 INFO basehttp "GET /news/ HTTP/1.1" 200 18147
2022-04-01 00:16:02,082 INFO basehttp "GET /category/ HTTP/1.1" 200 8447
2022-04-01 00:16:04,238 INFO basehttp "GET / HTTP/1.1" 200 1445
2022-04-01 00:16:08,070 INFO basehttp "GET /news/ HTTP/1.1" 200 18147
2022-04-01 00:16:11,194 INFO basehttp "GET /appointment/ HTTP/1.1" 200 1238
2022-04-01 00:16:11,242 INFO basehttp "GET /static/images/9.jpg HTTP/1.1" 200 468
2022-04-01 00:16:56,220 INFO basehttp "GET /appointment/ HTTP/1.1" 200 1238
2022-04-01 00:16:56,253 INFO basehttp "GET /static/images/9.jpg HTTP/1.1" 200 468
2022-04-01 00:16:59,463 INFO basehttp "GET /news/ HTTP/1.1" 200 18147
2022-04-01 00:17:00,600 INFO basehttp "GET /appointment/ HTTP/1.1" 200 1238
2022-04-01 00:17:00,632 INFO basehttp "GET /static/images/9.jpg HTTP/1.1" 200 468
2022-04-01 00:17:02,952 INFO basehttp "GET /news/ HTTP/1.1" 200 18147
2022-04-01 00:17:23,106 INFO basehttp "GET /appointment/ HTTP/1.1" 200 1239
2022-04-01 00:17:23,175 INFO basehttp "GET /static/images/10.jpg HTTP/1.1" 200 468
2022-04-01 00:17:24,852 INFO basehttp "GET /appointment/ HTTP/1.1" 200 1239
2022-04-01 00:17:24,876 INFO basehttp "GET /static/images/10.jpg HTTP/1.1" 200 468
2022-04-01 00:17:25,860 INFO basehttp "GET /appointment/ HTTP/1.1" 200 1239
2022-04-01 00:17:25,876 INFO basehttp "GET /static/images/10.jpg HTTP/1.1" 200 468
2022-04-01 00:17:40,556 INFO basehttp "GET /appointment/ HTTP/1.1" 200 1238
2022-04-01 00:17:40,580 INFO basehttp "GET /static/images/9.jpg HTTP/1.1" 200 468
2022-04-01 00:18:25,263 INFO basehttp "GET /news/ HTTP/1.1" 200 18147
2022-04-01 00:18:26,619 INFO basehttp "GET /appointment/ HTTP/1.1" 200 1238
2022-04-01 00:18:26,659 INFO basehttp "GET /static/images/9.jpg HTTP/1.1" 200 468
2022-04-01 00:18:29,025 INFO basehttp "GET /news/ HTTP/1.1" 200 18147
2022-04-01 00:18:43,420 INFO basehttp "GET /appointment/ HTTP/1.1" 200 1238
2022-04-01 00:18:52,838 INFO basehttp "GET /appointment/ HTTP/1.1" 200 1238
2022-04-01 00:18:52,862 INFO basehttp "GET /static/images/9.jpg HTTP/1.1" 200 468
2022-04-01 00:18:54,000 INFO basehttp "GET /appointment/ HTTP/1.1" 200 1238
2022-04-01 00:18:54,032 INFO basehttp "GET /static/images/9.jpg HTTP/1.1" 200 468
2022-04-01 00:19:14,402 INFO autoreload C:\Users\相忮\PycharmProjects\pythonProjectDjango2\NewsPortal\NewsPortal\settings.py changed, reloading.
2022-04-01 00:19:57,095 INFO autoreload Watching for file changes with StatReloader
2022-04-01 00:19:57,780 INFO basehttp "GET /appointment/ HTTP/1.1" 200 1238
2022-04-01 00:20:02,536 INFO basehttp "GET /news/ HTTP/1.1" 200 18147
2022-04-01 00:20:17,022 INFO autoreload C:\Users\相忮\PycharmProjects\pythonProjectDjango2\NewsPortal\NewsPortal\settings.py changed, reloading.
2022-04-01 00:22:10,446 INFO autoreload Watching for file changes with StatReloader
2022-04-01 00:22:11,029 INFO basehttp "GET /home/ HTTP/1.1" 200 468
2022-04-01 00:22:11,098 INFO basehttp "GET /static/images/404.png HTTP/1.1" 200 468
2022-04-01 00:22:32,384 INFO basehttp "GET /home/ HTTP/1.1" 200 468
2022-04-01 00:22:32,408 INFO basehttp "GET /static/images/404.png HTTP/1.1" 200 468
2022-04-01 00:22:35,076 INFO basehttp "GET /home/ HTTP/1.1" 200 468
2022-04-01 00:22:35,108 INFO basehttp "GET /static/images/404.png HTTP/1.1" 200 468
2022-04-01 00:23:06,074 INFO basehttp "GET /home/ HTTP/1.1" 200 468
2022-04-01 00:23:06,106 INFO basehttp "GET /static/images/404.png HTTP/1.1" 200 516
2022-04-01 00:23:06,930 INFO basehttp "GET /home/ HTTP/1.1" 200 516
2022-04-01 00:23:14,684 INFO basehttp "GET /home/ HTTP/1.1" 200 516
2022-04-01 00:23:14,716 INFO basehttp "GET /static/images/404.png HTTP/1.1" 200 516
2022-04-01 00:23:15,369 INFO basehttp "GET /home/ HTTP/1.1" 200 516
2022-04-01 00:23:15,393 INFO basehttp "GET /static/images/404.png HTTP/1.1" 200 516
2022-04-01 00:23:17,921 INFO basehttp "GET /home/ HTTP/1.1" 200 516
2022-04-01 00:23:17,953 INFO basehttp "GET /static/images/404.png HTTP/1.1" 200 516
2022-04-01 00:23:18,921 INFO basehttp "GET /home/ HTTP/1.1" 200 516
2022-04-01 00:23:18,953 INFO basehttp "GET /static/images/404.png HTTP/1.1" 200 516
2022-04-01 00:23:20,084 INFO basehttp "GET /home/ HTTP/1.1" 200 516
2022-04-01 00:23:20,108 INFO basehttp "GET /static/images/404.png HTTP/1.1" 200 516
2022-04-01 00:23:20,813 INFO basehttp "GET /home/ HTTP/1.1" 200 516
2022-04-01 00:23:20,846 INFO basehttp "GET /static/images/404.png HTTP/1.1" 200 516
2022-04-01 00:23:38,965 INFO basehttp "GET /home/ HTTP/1.1" 200 516
2022-04-01 00:23:38,989 INFO basehttp "GET /static/images/404.png HTTP/1.1" 200 516
2022-04-01 00:23:39,836 INFO basehttp "GET /home/ HTTP/1.1" 200 516
2022-04-01 00:23:39,860 INFO basehttp "GET /static/images/404.png HTTP/1.1" 200 516
2022-04-01 00:23:52,048 INFO basehttp "GET /home/ HTTP/1.1" 200 516
2022-04-01 00:23:59,294 INFO basehttp "GET /home/ HTTP/1.1" 200 516
2022-04-01 00:23:59,326 INFO basehttp "GET /static/images/404.png HTTP/1.1" 200 516
2022-04-01 00:24:08,014 INFO autoreload C:\Users\相忮\PycharmProjects\pythonProjectDjango2\NewsPortal\NewsPortal\settings.py changed, reloading.
2022-04-01 00:24:10,011 INFO autoreload Watching for file changes with StatReloader
2022-04-01 00:24:13,841 INFO autoreload C:\Users\相忮\PycharmProjects\pythonProjectDjango2\NewsPortal\NewsPortal\settings.py changed, reloading.
2022-04-01 00:24:26,270 INFO autoreload Watching for file changes with StatReloader
2022-04-01 00:24:26,829 INFO basehttp "GET /home/ HTTP/1.1" 200 516
2022-04-01 00:24:26,869 INFO basehttp "GET /static/images/404.png HTTP/1.1" 200 516
2022-04-01 00:24:29,178 INFO basehttp "GET /home/ HTTP/1.1" 200 516
2022-04-01 00:24:29,202 INFO basehttp "GET /static/images/404.png HTTP/1.1" 200 516
2022-04-01 00:24:47,520 INFO basehttp "GET /home/ HTTP/1.1" 200 516
2022-04-01 00:25:05,744 INFO basehttp "GET /home/ HTTP/1.1" 200 516
2022-04-01 00:25:14,777 INFO basehttp "GET /home/ HTTP/1.1" 200 516
2022-04-01 00:25:14,809 INFO basehttp "GET /static/images/5.jpg HTTP/1.1" 200 516
2022-04-01 00:25:15,362 INFO basehttp "GET /home/ HTTP/1.1" 200 516
2022-04-01 00:25:15,425 INFO basehttp "GET /static/images/5.jpg HTTP/1.1" 200 516
2022-04-01 00:25:15,807 INFO basehttp "GET /home/ HTTP/1.1" 200 516
2022-04-01 00:25:15,839 INFO basehttp "GET /static/images/5.jpg HTTP/1.1" 200 516
2022-04-01 00:25:30,380 INFO basehttp "GET /home/ HTTP/1.1" 200 516
2022-04-01 00:25:30,404 INFO basehttp "GET /static/images/404.png HTTP/1.1" 200 516
2022-04-01 00:25:31,458 INFO basehttp "GET /home/ HTTP/1.1" 200 516
2022-04-01 00:25:31,482 INFO basehttp "GET /static/images/404.png HTTP/1.1" 200 516
2022-04-01 00:25:34,331 INFO basehttp "GET /home/ HTTP/1.1" 200 516
2022-04-01 00:25:34,363 INFO basehttp "GET /static/images/404.png HTTP/1.1" 200 516
2022-04-01 00:25:35,921 INFO basehttp "GET /home/ HTTP/1.1" 200 516
2022-04-01 00:25:35,953 INFO basehttp "GET /static/images/404.png HTTP/1.1" 200 516
2022-04-01 00:25:36,683 INFO basehttp "GET /home/ HTTP/1.1" 200 516
2022-04-01 00:25:36,715 INFO basehttp "GET /static/images/404.png HTTP/1.1" 200 516
2022-04-01 00:25:37,418 INFO basehttp "GET /home/ HTTP/1.1" 200 516
2022-04-01 00:25:37,450 INFO basehttp "GET /static/images/404.png HTTP/1.1" 200 516
2022-04-01 00:25:40,008 INFO basehttp "GET /home/ HTTP/1.1" 200 516
2022-04-01 00:25:40,032 INFO basehttp "GET /static/images/404.png HTTP/1.1" 200 516
2022-04-01 00:25:40,758 INFO basehttp "GET /home/ HTTP/1.1" 200 516
2022-04-01 00:25:40,782 INFO basehttp "GET /static/images/404.png HTTP/1.1" 200 516
2022-04-01 00:26:44,764 INFO basehttp "GET /home/ HTTP/1.1" 200 516
2022-04-01 00:26:44,788 INFO basehttp "GET /static/images/404.png HTTP/1.1" 200 516
2022-04-01 00:26:45,648 INFO basehttp "GET /home/ HTTP/1.1" 200 516
2022-04-01 00:26:45,680 INFO basehttp "GET /static/images/404.png HTTP/1.1" 200 516
2022-04-01 00:26:46,316 INFO basehttp "GET /home/ HTTP/1.1" 200 516
2022-04-01 00:26:46,340 INFO basehttp "GET /static/images/404.png HTTP/1.1" 200 516
2022-04-01 00:26:46,858 INFO basehttp "GET /home/ HTTP/1.1" 200 516
2022-04-01 00:26:46,890 INFO basehttp "GET /static/images/404.png HTTP/1.1" 200 516
2022-04-01 00:26:47,366 INFO basehttp "GET /home/ HTTP/1.1" 200 516
2022-04-01 00:26:47,390 INFO basehttp "GET /static/images/404.png HTTP/1.1" 200 516
2022-04-01 00:26:47,804 INFO basehttp "GET /home/ HTTP/1.1" 200 516
2022-04-01 00:26:47,836 INFO basehttp "GET /static/images/404.png HTTP/1.1" 200 516
2022-04-01 00:26:48,475 INFO basehttp "GET /home/ HTTP/1.1" 200 516
2022-04-01 00:26:48,499 INFO basehttp "GET /static/images/404.png HTTP/1.1" 200 516
2022-04-01 00:29:06,902 INFO basehttp "GET /home/ HTTP/1.1" 200 508
2022-04-01 00:29:06,930 INFO basehttp "GET /static/images HTTP/1.1" 200 508
2022-04-01 00:29:06,968 INFO basehttp "GET /static/images/404.png HTTP/1.1" 200 508
2022-04-01 00:29:07,694 INFO basehttp "GET /home/ HTTP/1.1" 200 508
2022-04-01 00:29:07,718 INFO basehttp "GET /static/images HTTP/1.1" 200 508
2022-04-01 00:29:07,726 INFO basehttp "GET /static/images/404.png HTTP/1.1" 200 508
2022-04-01 00:29:08,919 INFO basehttp "GET /home/ HTTP/1.1" 200 508
2022-04-01 00:29:08,944 INFO basehttp "GET /static/images HTTP/1.1" 200 508
2022-04-01 00:29:08,952 INFO basehttp "GET /static/images/404.png HTTP/1.1" 200 508
2022-04-01 00:29:11,635 INFO basehttp "GET /home/ HTTP/1.1" 200 508
2022-04-01 00:29:11,659 INFO basehttp "GET /static/images HTTP/1.1" 200 508
2022-04-01 00:29:11,675 INFO basehttp "GET /static/images/404.png HTTP/1.1" 200 508
2022-04-01 00:29:13,403 INFO basehttp "GET /home/ HTTP/1.1" 200 508
2022-04-01 00:29:13,435 INFO basehttp "GET /static/images HTTP/1.1" 200 508
2022-04-01 00:29:13,443 INFO basehttp "GET /static/images/404.png HTTP/1.1" 200 508
2022-04-01 00:29:14,596 INFO basehttp "GET /home/ HTTP/1.1" 200 508
2022-04-01 00:29:14,612 INFO basehttp "GET /static/images HTTP/1.1" 200 508
2022-04-01 00:29:14,629 INFO basehttp "GET /static/images/404.png HTTP/1.1" 200 508
2022-04-01 00:29:19,275 INFO basehttp "GET /home/ HTTP/1.1" 200 508
2022-04-01 00:29:19,299 INFO basehttp "GET /static/images HTTP/1.1" 200 508
2022-04-01 00:29:19,315 INFO basehttp "GET /static/images/404.png HTTP/1.1" 200 508
2022-04-01 00:29:31,142 INFO basehttp "GET /home/ HTTP/1.1" 200 508
2022-04-01 00:29:31,166 INFO basehttp "GET /static/images HTTP/1.1" 200 508
2022-04-01 00:30:09,300 INFO basehttp "GET /home/ HTTP/1.1" 200 515
2022-04-01 00:30:09,957 INFO basehttp "GET /home/ HTTP/1.1" 200 515
2022-04-01 00:30:17,944 INFO basehttp "GET /home/ HTTP/1.1" 200 508
2022-04-01 00:30:17,968 INFO basehttp "GET /static/images/404.png HTTP/1.1" 200 508
2022-04-01 00:30:18,812 INFO basehttp "GET /home/ HTTP/1.1" 200 508
2022-04-01 00:30:18,836 INFO basehttp "GET /static/images/404.png HTTP/1.1" 200 508
2022-04-01 00:30:26,679 INFO basehttp "GET /home/ HTTP/1.1" 200 508
2022-04-01 00:30:26,704 INFO basehttp "GET /static/images/404.png HTTP/1.1" 200 508
2022-04-01 00:30:27,223 INFO basehttp "GET /home/ HTTP/1.1" 200 515
2022-04-01 00:30:27,247 INFO basehttp "GET /static/images/404.png HTTP/1.1" 200 515
2022-04-01 00:30:27,441 INFO basehttp "GET /home/ HTTP/1.1" 200 515
2022-04-01 00:30:27,461 INFO basehttp "GET /static/images/404.png HTTP/1.1" 200 515
2022-04-01 00:30:27,630 INFO basehttp "GET /home/ HTTP/1.1" 200 515
2022-04-01 00:30:27,654 INFO basehttp "GET /static/images/404.png HTTP/1.1" 200 515
2022-04-01 00:30:27,814 INFO basehttp "GET /home/ HTTP/1.1" 200 515
2022-04-01 00:30:27,838 INFO basehttp "GET /static/images/404.png HTTP/1.1" 200 515
2022-04-01 00:30:27,990 INFO basehttp "GET /home/ HTTP/1.1" 200 515
2022-04-01 00:30:28,014 INFO basehttp "GET /static/images/404.png HTTP/1.1" 200 515
2022-04-01 00:30:28,159 INFO basehttp "GET /home/ HTTP/1.1" 200 515
2022-04-01 00:30:28,183 INFO basehttp "GET /static/images/404.png HTTP/1.1" 200 515
2022-04-01 00:30:28,331 INFO basehttp "GET /home/ HTTP/1.1" 200 515
2022-04-01 00:30:28,355 INFO basehttp "GET /static/images/404.png HTTP/1.1" 200 515
2022-04-01 00:30:28,504 INFO basehttp "GET /home/ HTTP/1.1" 200 515
2022-04-01 00:30:28,528 INFO basehttp "GET /static/images/404.png HTTP/1.1" 200 515
2022-04-01 00:30:28,672 INFO basehttp "GET /home/ HTTP/1.1" 200 515
2022-04-01 00:30:28,696 INFO basehttp "GET /static/images/404.png HTTP/1.1" 200 515
2022-04-01 00:30:33,319 INFO basehttp "GET /home/ HTTP/1.1" 200 515
2022-04-01 00:30:33,343 INFO basehttp "GET /static/images/404.png HTTP/1.1" 200 515
2022-04-01 00:30:53,926 INFO basehttp "GET /home/ HTTP/1.1" 200 515
2022-04-01 00:30:53,959 INFO basehttp "GET /static/images/404.png HTTP/1.1" 200 515
2022-04-01 00:30:55,660 INFO basehttp "GET /home/ HTTP/1.1" 200 515
2022-04-01 00:30:55,684 INFO basehttp "GET /static/images/404.png HTTP/1.1" 200 515
2022-04-01 00:30:57,585 INFO basehttp "GET /appointment/ HTTP/1.1" 200 1238
2022-04-01 00:31:00,157 INFO basehttp "GET /news/ HTTP/1.1" 200 18147
2022-04-01 00:31:39,896 INFO basehttp "GET /appointment/ HTTP/1.1" 200 1288
2022-04-01 00:31:39,944 INFO basehttp "GET /static/images/404.png HTTP/1.1" 200 515
2022-04-01 00:31:41,396 INFO basehttp "GET /appointment/ HTTP/1.1" 200 1288
2022-04-01 00:31:41,420 INFO basehttp "GET /static/images/404.png HTTP/1.1" 200 515
2022-04-01 00:31:42,189 INFO basehttp "GET /appointment/ HTTP/1.1" 200 1288
2022-04-01 00:31:42,213 INFO basehttp "GET /static/images/404.png HTTP/1.1" 200 515
2022-04-01 00:31:50,595 INFO autoreload C:\Users\相忮\PycharmProjects\pythonProjectDjango2\NewsPortal\NewsPortal\settings.py changed, reloading.
2022-04-01 00:32:36,970 INFO autoreload Watching for file changes with StatReloader
2022-04-01 00:32:38,947 INFO basehttp "GET /news/ HTTP/1.1" 200 18147
2022-04-01 00:32:40,451 INFO basehttp "GET /home/ HTTP/1.1" 200 468
2022-04-01 00:33:04,453 INFO basehttp "GET /home/ HTTP/1.1" 200 516
2022-04-01 00:33:21,238 INFO basehttp "GET /home/ HTTP/1.1" 200 523
2022-04-01 00:33:31,039 INFO basehttp "GET /home/ HTTP/1.1" 200 516
2022-04-01 00:33:37,044 INFO basehttp "GET /appointment/ HTTP/1.1" 200 1239
2022-04-01 00:33:38,430 INFO basehttp "GET /appointment/ HTTP/1.1" 200 1239
2022-04-01 00:48:49,246 INFO basehttp "GET /news/ HTTP/1.1" 200 18147
2022-04-01 00:48:50,884 INFO basehttp "GET /home/ HTTP/1.1" 200 516
2022-04-01 00:49:09,163 INFO autoreload C:\Users\相忮\PycharmProjects\pythonProjectDjango2\NewsPortal\NewsPortal\settings.py changed, reloading.
